1649231615486	geckodriver	INFO	Listening on 127.0.0.1:49919
1649231615912	mozrunner::runner	INFO	Running command: "/Applications/Firefox.app/Contents/MacOS/firefox-bin" "--marionette" "--remote-debugging-port" "49920" "-foreground" "-no-remote" "-profile" "/var/folders/n5/ssqb_t3d7gnd585d037zx8_r0000gn/T/rust_mozprofiledW8Bl0"
1649231616263	Marionette	INFO	Marionette enabled
UNSUPPORTED (log once): POSSIBLE ISSUE: unit 1 GLD_TEXTURE_INDEX_2D is unloadable and bound to sampler type (Float) - using zero texture because texture unloadable
console.warn: SearchSettings: "get: No settings file exists, new profile?" (new NotFoundError("Could not open the file at /var/folders/n5/ssqb_t3d7gnd585d037zx8_r0000gn/T/rust_mozprofiledW8Bl0/search.json.mozlz4", (void 0)))
console.error: BackgroundUpdate: 
  _reasonsToNotScheduleUpdates: Failed to check for Maintenance Service Registry Key: [Exception... "Component returned failure code: 0x80004001 (NS_ERROR_NOT_IMPLEMENTED) [nsIUpdateProcessor.getServiceRegKeyExists]"  nsresult: "0x80004001 (NS_ERROR_NOT_IMPLEMENTED)"  location: "JS frame :: resource://gre/modules/BackgroundUpdate.jsm :: _reasonsToNotScheduleUpdates :: line 241"  data: no]
DevTools listening on ws://localhost:49920/devtools/browser/ce54f601-1cb6-4263-9e05-db52dd3d6b56
1649231617125	Marionette	INFO	Listening on port 49930
1649231617184	RemoteAgent	WARN	TLS certificate errors will be ignored for this session
1649231617423	geckodriver	INFO	Listening on 127.0.0.1:49960
1649231617878	mozrunner::runner	INFO	Running command: "/Applications/Firefox.app/Contents/MacOS/firefox-bin" "--marionette" "--remote-debugging-port" "49961" "-foreground" "-no-remote" "-profile" "/var/folders/n5/ssqb_t3d7gnd585d037zx8_r0000gn/T/rust_mozprofileuaP9u2"
1649231618100	Marionette	INFO	Marionette enabled
UNSUPPORTED (log once): POSSIBLE ISSUE: unit 1 GLD_TEXTURE_INDEX_2D is unloadable and bound to sampler type (Float) - using zero texture because texture unloadable
console.warn: SearchSettings: "get: No settings file exists, new profile?" (new NotFoundError("Could not open the file at /var/folders/n5/ssqb_t3d7gnd585d037zx8_r0000gn/T/rust_mozprofileuaP9u2/search.json.mozlz4", (void 0)))
console.error: BackgroundUpdate: 
  _reasonsToNotScheduleUpdates: Failed to check for Maintenance Service Registry Key: [Exception... "Component returned failure code: 0x80004001 (NS_ERROR_NOT_IMPLEMENTED) [nsIUpdateProcessor.getServiceRegKeyExists]"  nsresult: "0x80004001 (NS_ERROR_NOT_IMPLEMENTED)"  location: "JS frame :: resource://gre/modules/BackgroundUpdate.jsm :: _reasonsToNotScheduleUpdates :: line 241"  data: no]
DevTools listening on ws://localhost:49961/devtools/browser/96d8a703-9105-4edb-baa7-bbe901d084b3
1649231618975	Marionette	INFO	Listening on port 49980
1649231619025	RemoteAgent	WARN	TLS certificate errors will be ignored for this session
1649231711248	geckodriver	INFO	Listening on 127.0.0.1:50052
1649231711673	mozrunner::runner	INFO	Running command: "/Applications/Firefox.app/Contents/MacOS/firefox-bin" "--marionette" "--remote-debugging-port" "50053" "-foreground" "-no-remote" "-profile" "/var/folders/n5/ssqb_t3d7gnd585d037zx8_r0000gn/T/rust_mozprofileFzCL6V"
1649231711883	Marionette	INFO	Marionette enabled
UNSUPPORTED (log once): POSSIBLE ISSUE: unit 1 GLD_TEXTURE_INDEX_2D is unloadable and bound to sampler type (Float) - using zero texture because texture unloadable
console.warn: SearchSettings: "get: No settings file exists, new profile?" (new NotFoundError("Could not open the file at /var/folders/n5/ssqb_t3d7gnd585d037zx8_r0000gn/T/rust_mozprofileFzCL6V/search.json.mozlz4", (void 0)))
console.error: BackgroundUpdate: 
  _reasonsToNotScheduleUpdates: Failed to check for Maintenance Service Registry Key: [Exception... "Component returned failure code: 0x80004001 (NS_ERROR_NOT_IMPLEMENTED) [nsIUpdateProcessor.getServiceRegKeyExists]"  nsresult: "0x80004001 (NS_ERROR_NOT_IMPLEMENTED)"  location: "JS frame :: resource://gre/modules/BackgroundUpdate.jsm :: _reasonsToNotScheduleUpdates :: line 241"  data: no]
DevTools listening on ws://localhost:50053/devtools/browser/0d218d66-5e1f-44d7-aa69-11261f8b7aa7
1649231712646	Marionette	INFO	Listening on port 50060
1649231712723	RemoteAgent	WARN	TLS certificate errors will be ignored for this session
1649231712993	geckodriver	INFO	Listening on 127.0.0.1:50088
1649231713443	mozrunner::runner	INFO	Running command: "/Applications/Firefox.app/Contents/MacOS/firefox-bin" "--marionette" "--remote-debugging-port" "50089" "-foreground" "-no-remote" "-profile" "/var/folders/n5/ssqb_t3d7gnd585d037zx8_r0000gn/T/rust_mozprofilek48IY4"
1649231713655	Marionette	INFO	Marionette enabled
UNSUPPORTED (log once): POSSIBLE ISSUE: unit 1 GLD_TEXTURE_INDEX_2D is unloadable and bound to sampler type (Float) - using zero texture because texture unloadable
console.warn: SearchSettings: "get: No settings file exists, new profile?" (new NotFoundError("Could not open the file at /var/folders/n5/ssqb_t3d7gnd585d037zx8_r0000gn/T/rust_mozprofilek48IY4/search.json.mozlz4", (void 0)))
console.error: BackgroundUpdate: 
  _reasonsToNotScheduleUpdates: Failed to check for Maintenance Service Registry Key: [Exception... "Component returned failure code: 0x80004001 (NS_ERROR_NOT_IMPLEMENTED) [nsIUpdateProcessor.getServiceRegKeyExists]"  nsresult: "0x80004001 (NS_ERROR_NOT_IMPLEMENTED)"  location: "JS frame :: resource://gre/modules/BackgroundUpdate.jsm :: _reasonsToNotScheduleUpdates :: line 241"  data: no]
DevTools listening on ws://localhost:50089/devtools/browser/2641fe8c-256f-44f2-a2f6-add80d4f9c5c
1649231714429	Marionette	INFO	Listening on port 50112
1649231714499	RemoteAgent	WARN	TLS certificate errors will be ignored for this session
1649231779543	Marionette	INFO	Stopped listening on port 49980
1649231782386	Marionette	INFO	Stopped listening on port 50060

###!!! [Parent][PImageBridgeParent] Error: RunMessage(msgname=PImageBridge::Msg_WillClose) Channel closing: too late to send/recv, messages will be lost

1649231784690	Marionette	INFO	Stopped listening on port 50112
1649237151701	geckodriver	INFO	Listening on 127.0.0.1:50940
1649237152132	mozrunner::runner	INFO	Running command: "/Applications/Firefox.app/Contents/MacOS/firefox-bin" "--marionette" "--remote-debugging-port" "50941" "-foreground" "-no-remote" "-profile" "/var/folders/n5/ssqb_t3d7gnd585d037zx8_r0000gn/T/rust_mozprofileA0RJ52"
1649237152365	Marionette	INFO	Marionette enabled
UNSUPPORTED (log once): POSSIBLE ISSUE: unit 1 GLD_TEXTURE_INDEX_2D is unloadable and bound to sampler type (Float) - using zero texture because texture unloadable
console.warn: SearchSettings: "get: No settings file exists, new profile?" (new NotFoundError("Could not open the file at /var/folders/n5/ssqb_t3d7gnd585d037zx8_r0000gn/T/rust_mozprofileA0RJ52/search.json.mozlz4", (void 0)))
console.error: BackgroundUpdate: 
  _reasonsToNotScheduleUpdates: Failed to check for Maintenance Service Registry Key: [Exception... "Component returned failure code: 0x80004001 (NS_ERROR_NOT_IMPLEMENTED) [nsIUpdateProcessor.getServiceRegKeyExists]"  nsresult: "0x80004001 (NS_ERROR_NOT_IMPLEMENTED)"  location: "JS frame :: resource://gre/modules/BackgroundUpdate.jsm :: _reasonsToNotScheduleUpdates :: line 241"  data: no]
DevTools listening on ws://localhost:50941/devtools/browser/505fd6d9-05dc-4df7-a4be-2e831e1c79ab
1649237153140	Marionette	INFO	Listening on port 50949
1649237153181	RemoteAgent	WARN	TLS certificate errors will be ignored for this session
1649237186819	Marionette	INFO	Stopped listening on port 50949
1649243897343	geckodriver	INFO	Listening on 127.0.0.1:58936
1649243897775	mozrunner::runner	INFO	Running command: "/Applications/Firefox.app/Contents/MacOS/firefox-bin" "--marionette" "--remote-debugging-port" "58937" "-foreground" "-no-remote" "-profile" "/var/folders/n5/ssqb_t3d7gnd585d037zx8_r0000gn/T/rust_mozprofileCz6gKZ"
1649243898047	Marionette	INFO	Marionette enabled
UNSUPPORTED (log once): POSSIBLE ISSUE: unit 1 GLD_TEXTURE_INDEX_2D is unloadable and bound to sampler type (Float) - using zero texture because texture unloadable
console.warn: SearchSettings: "get: No settings file exists, new profile?" (new NotFoundError("Could not open the file at /var/folders/n5/ssqb_t3d7gnd585d037zx8_r0000gn/T/rust_mozprofileCz6gKZ/search.json.mozlz4", (void 0)))
console.error: BackgroundUpdate: 
  _reasonsToNotScheduleUpdates: Failed to check for Maintenance Service Registry Key: [Exception... "Component returned failure code: 0x80004001 (NS_ERROR_NOT_IMPLEMENTED) [nsIUpdateProcessor.getServiceRegKeyExists]"  nsresult: "0x80004001 (NS_ERROR_NOT_IMPLEMENTED)"  location: "JS frame :: resource://gre/modules/BackgroundUpdate.jsm :: _reasonsToNotScheduleUpdates :: line 241"  data: no]
DevTools listening on ws://localhost:58937/devtools/browser/ac7deb4c-0e40-44d8-bd41-adcc9273b401
1649243898847	Marionette	INFO	Listening on port 58944
1649243898937	RemoteAgent	WARN	TLS certificate errors will be ignored for this session
1649243926359	Marionette	INFO	Stopped listening on port 58944
1649244093100	geckodriver	INFO	Listening on 127.0.0.1:59154
1649244093534	mozrunner::runner	INFO	Running command: "/Applications/Firefox.app/Contents/MacOS/firefox-bin" "--marionette" "--remote-debugging-port" "59155" "-foreground" "-no-remote" "-profile" "/var/folders/n5/ssqb_t3d7gnd585d037zx8_r0000gn/T/rust_mozprofileUd87M1"
1649244093768	Marionette	INFO	Marionette enabled
UNSUPPORTED (log once): POSSIBLE ISSUE: unit 1 GLD_TEXTURE_INDEX_2D is unloadable and bound to sampler type (Float) - using zero texture because texture unloadable
console.warn: SearchSettings: "get: No settings file exists, new profile?" (new NotFoundError("Could not open the file at /var/folders/n5/ssqb_t3d7gnd585d037zx8_r0000gn/T/rust_mozprofileUd87M1/search.json.mozlz4", (void 0)))
console.error: BackgroundUpdate: 
  _reasonsToNotScheduleUpdates: Failed to check for Maintenance Service Registry Key: [Exception... "Component returned failure code: 0x80004001 (NS_ERROR_NOT_IMPLEMENTED) [nsIUpdateProcessor.getServiceRegKeyExists]"  nsresult: "0x80004001 (NS_ERROR_NOT_IMPLEMENTED)"  location: "JS frame :: resource://gre/modules/BackgroundUpdate.jsm :: _reasonsToNotScheduleUpdates :: line 241"  data: no]
DevTools listening on ws://localhost:59155/devtools/browser/40fba6e9-8a34-4eab-8c3b-cdd2a827b1aa
1649244094595	Marionette	INFO	Listening on port 59165
1649244094689	RemoteAgent	WARN	TLS certificate errors will be ignored for this session
1649244162529	Marionette	INFO	Stopped listening on port 59165

###!!! [Parent][PImageBridgeParent] Error: RunMessage(msgname=PImageBridge::Msg_WillClose) Channel closing: too late to send/recv, messages will be lost

1649248054172	geckodriver	INFO	Listening on 127.0.0.1:61261
1649248054596	mozrunner::runner	INFO	Running command: "/Applications/Firefox.app/Contents/MacOS/firefox-bin" "--marionette" "--remote-debugging-port" "61262" "-foreground" "-no-remote" "-profile" "/var/folders/n5/ssqb_t3d7gnd585d037zx8_r0000gn/T/rust_mozprofilepRwpZY"
1649248054839	Marionette	INFO	Marionette enabled
UNSUPPORTED (log once): POSSIBLE ISSUE: unit 1 GLD_TEXTURE_INDEX_2D is unloadable and bound to sampler type (Float) - using zero texture because texture unloadable
console.warn: SearchSettings: "get: No settings file exists, new profile?" (new NotFoundError("Could not open the file at /var/folders/n5/ssqb_t3d7gnd585d037zx8_r0000gn/T/rust_mozprofilepRwpZY/search.json.mozlz4", (void 0)))
console.error: BackgroundUpdate: 
  _reasonsToNotScheduleUpdates: Failed to check for Maintenance Service Registry Key: [Exception... "Component returned failure code: 0x80004001 (NS_ERROR_NOT_IMPLEMENTED) [nsIUpdateProcessor.getServiceRegKeyExists]"  nsresult: "0x80004001 (NS_ERROR_NOT_IMPLEMENTED)"  location: "JS frame :: resource://gre/modules/BackgroundUpdate.jsm :: _reasonsToNotScheduleUpdates :: line 241"  data: no]
DevTools listening on ws://localhost:61262/devtools/browser/43141b29-00b0-4241-b27d-cc75206d4edc
1649248055742	Marionette	INFO	Listening on port 61272
1649248055755	RemoteAgent	WARN	TLS certificate errors will be ignored for this session
1649248118001	geckodriver	INFO	Listening on 127.0.0.1:61373
1649248118435	mozrunner::runner	INFO	Running command: "/Applications/Firefox.app/Contents/MacOS/firefox-bin" "--marionette" "--remote-debugging-port" "61374" "-foreground" "-no-remote" "-profile" "/var/folders/n5/ssqb_t3d7gnd585d037zx8_r0000gn/T/rust_mozprofileqvVsZV"
1649248118688	Marionette	INFO	Marionette enabled
UNSUPPORTED (log once): POSSIBLE ISSUE: unit 1 GLD_TEXTURE_INDEX_2D is unloadable and bound to sampler type (Float) - using zero texture because texture unloadable
console.warn: SearchSettings: "get: No settings file exists, new profile?" (new NotFoundError("Could not open the file at /var/folders/n5/ssqb_t3d7gnd585d037zx8_r0000gn/T/rust_mozprofileqvVsZV/search.json.mozlz4", (void 0)))
console.error: BackgroundUpdate: 
  _reasonsToNotScheduleUpdates: Failed to check for Maintenance Service Registry Key: [Exception... "Component returned failure code: 0x80004001 (NS_ERROR_NOT_IMPLEMENTED) [nsIUpdateProcessor.getServiceRegKeyExists]"  nsresult: "0x80004001 (NS_ERROR_NOT_IMPLEMENTED)"  location: "JS frame :: resource://gre/modules/BackgroundUpdate.jsm :: _reasonsToNotScheduleUpdates :: line 241"  data: no]
DevTools listening on ws://localhost:61374/devtools/browser/cfbd7ea6-1b2b-4582-ab82-9e8bea9b00e8
1649248119516	Marionette	INFO	Listening on port 61384
1649248119584	RemoteAgent	WARN	TLS certificate errors will be ignored for this session
1649248214524	Marionette	INFO	Stopped listening on port 61384

###!!! [Parent][PImageBridgeParent] Error: RunMessage(msgname=PImageBridge::Msg_WillClose) Channel closing: too late to send/recv, messages will be lost

1649248216456	Marionette	INFO	Stopped listening on port 61272
1649248221220	Marionette	INFO	Stopped listening on port 49930
1649248345303	geckodriver	INFO	Listening on 127.0.0.1:61572
1649248345734	mozrunner::runner	INFO	Running command: "/Applications/Firefox.app/Contents/MacOS/firefox-bin" "--marionette" "--remote-debugging-port" "61573" "-foreground" "-no-remote" "-profile" "/var/folders/n5/ssqb_t3d7gnd585d037zx8_r0000gn/T/rust_mozprofileu26a4y"
1649248346038	Marionette	INFO	Marionette enabled
UNSUPPORTED (log once): POSSIBLE ISSUE: unit 1 GLD_TEXTURE_INDEX_2D is unloadable and bound to sampler type (Float) - using zero texture because texture unloadable
console.warn: SearchSettings: "get: No settings file exists, new profile?" (new NotFoundError("Could not open the file at /var/folders/n5/ssqb_t3d7gnd585d037zx8_r0000gn/T/rust_mozprofileu26a4y/search.json.mozlz4", (void 0)))
console.error: BackgroundUpdate: 
  _reasonsToNotScheduleUpdates: Failed to check for Maintenance Service Registry Key: [Exception... "Component returned failure code: 0x80004001 (NS_ERROR_NOT_IMPLEMENTED) [nsIUpdateProcessor.getServiceRegKeyExists]"  nsresult: "0x80004001 (NS_ERROR_NOT_IMPLEMENTED)"  location: "JS frame :: resource://gre/modules/BackgroundUpdate.jsm :: _reasonsToNotScheduleUpdates :: line 241"  data: no]
DevTools listening on ws://localhost:61573/devtools/browser/b1dbf8d8-8ade-4384-8ea8-e505eb3c76c1
1649248346912	Marionette	INFO	Listening on port 61583
1649248346994	RemoteAgent	WARN	TLS certificate errors will be ignored for this session
1649248351288	Marionette	INFO	Stopped listening on port 61583
1649248790609	geckodriver	INFO	Listening on 127.0.0.1:61737
1649248791045	mozrunner::runner	INFO	Running command: "/Applications/Firefox.app/Contents/MacOS/firefox-bin" "--marionette" "--remote-debugging-port" "61738" "-foreground" "-no-remote" "-profile" "/var/folders/n5/ssqb_t3d7gnd585d037zx8_r0000gn/T/rust_mozprofileynMXay"
1649248791271	Marionette	INFO	Marionette enabled
UNSUPPORTED (log once): POSSIBLE ISSUE: unit 1 GLD_TEXTURE_INDEX_2D is unloadable and bound to sampler type (Float) - using zero texture because texture unloadable
console.warn: SearchSettings: "get: No settings file exists, new profile?" (new NotFoundError("Could not open the file at /var/folders/n5/ssqb_t3d7gnd585d037zx8_r0000gn/T/rust_mozprofileynMXay/search.json.mozlz4", (void 0)))
console.error: BackgroundUpdate: 
  _reasonsToNotScheduleUpdates: Failed to check for Maintenance Service Registry Key: [Exception... "Component returned failure code: 0x80004001 (NS_ERROR_NOT_IMPLEMENTED) [nsIUpdateProcessor.getServiceRegKeyExists]"  nsresult: "0x80004001 (NS_ERROR_NOT_IMPLEMENTED)"  location: "JS frame :: resource://gre/modules/BackgroundUpdate.jsm :: _reasonsToNotScheduleUpdates :: line 241"  data: no]
DevTools listening on ws://localhost:61738/devtools/browser/b9cfc000-cfe9-4bbb-a082-f82cb4221892
1649248792092	Marionette	INFO	Listening on port 61745
1649248792195	RemoteAgent	WARN	TLS certificate errors will be ignored for this session
1649248809653	Marionette	INFO	Stopped listening on port 61745
1649248866145	geckodriver	INFO	Listening on 127.0.0.1:61823
1649248866580	mozrunner::runner	INFO	Running command: "/Applications/Firefox.app/Contents/MacOS/firefox-bin" "--marionette" "--remote-debugging-port" "61824" "-foreground" "-no-remote" "-profile" "/var/folders/n5/ssqb_t3d7gnd585d037zx8_r0000gn/T/rust_mozprofilesbRV7m"
1649248866806	Marionette	INFO	Marionette enabled
UNSUPPORTED (log once): POSSIBLE ISSUE: unit 1 GLD_TEXTURE_INDEX_2D is unloadable and bound to sampler type (Float) - using zero texture because texture unloadable
console.warn: SearchSettings: "get: No settings file exists, new profile?" (new NotFoundError("Could not open the file at /var/folders/n5/ssqb_t3d7gnd585d037zx8_r0000gn/T/rust_mozprofilesbRV7m/search.json.mozlz4", (void 0)))
console.error: BackgroundUpdate: 
  _reasonsToNotScheduleUpdates: Failed to check for Maintenance Service Registry Key: [Exception... "Component returned failure code: 0x80004001 (NS_ERROR_NOT_IMPLEMENTED) [nsIUpdateProcessor.getServiceRegKeyExists]"  nsresult: "0x80004001 (NS_ERROR_NOT_IMPLEMENTED)"  location: "JS frame :: resource://gre/modules/BackgroundUpdate.jsm :: _reasonsToNotScheduleUpdates :: line 241"  data: no]
DevTools listening on ws://localhost:61824/devtools/browser/f1e89823-ee17-4a98-b1ec-e31c4e1c7f32
1649248867570	Marionette	INFO	Listening on port 61831
1649248867629	RemoteAgent	WARN	TLS certificate errors will be ignored for this session
1649248874133	Marionette	INFO	Stopped listening on port 61831

###!!! [Parent][PImageBridgeParent] Error: RunMessage(msgname=PImageBridge::Msg_WillClose) Channel closing: too late to send/recv, messages will be lost

1649668839424	geckodriver	INFO	Listening on 127.0.0.1:51236
1649668839833	mozrunner::runner	INFO	Running command: "/Applications/Firefox.app/Contents/MacOS/firefox-bin" "--marionette" "--remote-debugging-port" "51237" "--remote-allow-hosts" "localhost" "-foreground" "-no-remote" "-profile" "/var/folders/n5/ssqb_t3d7gnd585d037zx8_r0000gn/T/rust_mozprofile4S7Fwd"
1649668840070	Marionette	INFO	Marionette enabled
UNSUPPORTED (log once): POSSIBLE ISSUE: unit 1 GLD_TEXTURE_INDEX_2D is unloadable and bound to sampler type (Float) - using zero texture because texture unloadable
console.warn: SearchSettings: "get: No settings file exists, new profile?" (new NotFoundError("Could not open the file at /var/folders/n5/ssqb_t3d7gnd585d037zx8_r0000gn/T/rust_mozprofile4S7Fwd/search.json.mozlz4", (void 0)))
console.error: BackgroundUpdate: 
  _reasonsToNotScheduleUpdates: Failed to check for Maintenance Service Registry Key: [Exception... "Component returned failure code: 0x80004001 (NS_ERROR_NOT_IMPLEMENTED) [nsIUpdateProcessor.getServiceRegKeyExists]"  nsresult: "0x80004001 (NS_ERROR_NOT_IMPLEMENTED)"  location: "JS frame :: resource://gre/modules/BackgroundUpdate.jsm :: _reasonsToNotScheduleUpdates :: line 241"  data: no]
DevTools listening on ws://localhost:51237/devtools/browser/e85f2560-6f8f-44c8-b50e-bc22b72c2133
1649668840915	Marionette	INFO	Listening on port 51259
Read port: 51259
1649668840984	RemoteAgent	WARN	TLS certificate errors will be ignored for this session
1649668854942	Marionette	INFO	Stopped listening on port 51259
1649668972980	geckodriver	INFO	Listening on 127.0.0.1:51311
1649668973411	mozrunner::runner	INFO	Running command: "/Applications/Firefox.app/Contents/MacOS/firefox-bin" "--marionette" "--remote-debugging-port" "51312" "--remote-allow-hosts" "localhost" "-foreground" "-no-remote" "-profile" "/var/folders/n5/ssqb_t3d7gnd585d037zx8_r0000gn/T/rust_mozprofiles8z6cy"
1649668973637	Marionette	INFO	Marionette enabled
UNSUPPORTED (log once): POSSIBLE ISSUE: unit 1 GLD_TEXTURE_INDEX_2D is unloadable and bound to sampler type (Float) - using zero texture because texture unloadable
console.warn: SearchSettings: "get: No settings file exists, new profile?" (new NotFoundError("Could not open the file at /var/folders/n5/ssqb_t3d7gnd585d037zx8_r0000gn/T/rust_mozprofiles8z6cy/search.json.mozlz4", (void 0)))
console.error: BackgroundUpdate: 
  _reasonsToNotScheduleUpdates: Failed to check for Maintenance Service Registry Key: [Exception... "Component returned failure code: 0x80004001 (NS_ERROR_NOT_IMPLEMENTED) [nsIUpdateProcessor.getServiceRegKeyExists]"  nsresult: "0x80004001 (NS_ERROR_NOT_IMPLEMENTED)"  location: "JS frame :: resource://gre/modules/BackgroundUpdate.jsm :: _reasonsToNotScheduleUpdates :: line 241"  data: no]
DevTools listening on ws://localhost:51312/devtools/browser/703349d2-fd8d-4dab-8de0-e4bbb89f1f4d
1649668974272	Marionette	INFO	Listening on port 51334
Read port: 51334
1649668974359	RemoteAgent	WARN	TLS certificate errors will be ignored for this session
1649668981511	Marionette	INFO	Stopped listening on port 51334

###!!! [Parent][PImageBridgeParent] Error: RunMessage(msgname=PImageBridge::Msg_WillClose) Channel closing: too late to send/recv, messages will be lost

1649669109521	geckodriver	INFO	Listening on 127.0.0.1:51389
1649669109952	mozrunner::runner	INFO	Running command: "/Applications/Firefox.app/Contents/MacOS/firefox-bin" "--marionette" "--remote-debugging-port" "51390" "--remote-allow-hosts" "localhost" "-foreground" "-no-remote" "-profile" "/var/folders/n5/ssqb_t3d7gnd585d037zx8_r0000gn/T/rust_mozprofilet8oAeX"
1649669110175	Marionette	INFO	Marionette enabled
UNSUPPORTED (log once): POSSIBLE ISSUE: unit 1 GLD_TEXTURE_INDEX_2D is unloadable and bound to sampler type (Float) - using zero texture because texture unloadable
console.warn: SearchSettings: "get: No settings file exists, new profile?" (new NotFoundError("Could not open the file at /var/folders/n5/ssqb_t3d7gnd585d037zx8_r0000gn/T/rust_mozprofilet8oAeX/search.json.mozlz4", (void 0)))
console.error: BackgroundUpdate: 
  _reasonsToNotScheduleUpdates: Failed to check for Maintenance Service Registry Key: [Exception... "Component returned failure code: 0x80004001 (NS_ERROR_NOT_IMPLEMENTED) [nsIUpdateProcessor.getServiceRegKeyExists]"  nsresult: "0x80004001 (NS_ERROR_NOT_IMPLEMENTED)"  location: "JS frame :: resource://gre/modules/BackgroundUpdate.jsm :: _reasonsToNotScheduleUpdates :: line 241"  data: no]
DevTools listening on ws://localhost:51390/devtools/browser/a782103d-3646-47ce-89d2-77687cf63475
1649669110805	Marionette	INFO	Listening on port 51412
Read port: 51412
1649669110899	RemoteAgent	WARN	TLS certificate errors will be ignored for this session
1649669200315	geckodriver	INFO	Listening on 127.0.0.1:51476
1649669200738	mozrunner::runner	INFO	Running command: "/Applications/Firefox.app/Contents/MacOS/firefox-bin" "--marionette" "--remote-debugging-port" "51477" "--remote-allow-hosts" "localhost" "-foreground" "-no-remote" "-profile" "/var/folders/n5/ssqb_t3d7gnd585d037zx8_r0000gn/T/rust_mozprofileGsCd2T"
1649669200952	Marionette	INFO	Marionette enabled
UNSUPPORTED (log once): POSSIBLE ISSUE: unit 1 GLD_TEXTURE_INDEX_2D is unloadable and bound to sampler type (Float) - using zero texture because texture unloadable
console.warn: SearchSettings: "get: No settings file exists, new profile?" (new NotFoundError("Could not open the file at /var/folders/n5/ssqb_t3d7gnd585d037zx8_r0000gn/T/rust_mozprofileGsCd2T/search.json.mozlz4", (void 0)))
console.error: BackgroundUpdate: 
  _reasonsToNotScheduleUpdates: Failed to check for Maintenance Service Registry Key: [Exception... "Component returned failure code: 0x80004001 (NS_ERROR_NOT_IMPLEMENTED) [nsIUpdateProcessor.getServiceRegKeyExists]"  nsresult: "0x80004001 (NS_ERROR_NOT_IMPLEMENTED)"  location: "JS frame :: resource://gre/modules/BackgroundUpdate.jsm :: _reasonsToNotScheduleUpdates :: line 241"  data: no]
DevTools listening on ws://localhost:51477/devtools/browser/fc377e37-1b57-4b6c-9c79-d1c4aac0c513
1649669201595	Marionette	INFO	Listening on port 51498
Read port: 51498
1649669201688	RemoteAgent	WARN	TLS certificate errors will be ignored for this session
1649669214119	geckodriver	INFO	Listening on 127.0.0.1:51545
1649669214549	mozrunner::runner	INFO	Running command: "/Applications/Firefox.app/Contents/MacOS/firefox-bin" "--marionette" "--remote-debugging-port" "51546" "--remote-allow-hosts" "localhost" "-foreground" "-no-remote" "-profile" "/var/folders/n5/ssqb_t3d7gnd585d037zx8_r0000gn/T/rust_mozprofilel5bk3A"
1649669214772	Marionette	INFO	Marionette enabled
UNSUPPORTED (log once): POSSIBLE ISSUE: unit 1 GLD_TEXTURE_INDEX_2D is unloadable and bound to sampler type (Float) - using zero texture because texture unloadable
console.warn: SearchSettings: "get: No settings file exists, new profile?" (new NotFoundError("Could not open the file at /var/folders/n5/ssqb_t3d7gnd585d037zx8_r0000gn/T/rust_mozprofilel5bk3A/search.json.mozlz4", (void 0)))
console.error: BackgroundUpdate: 
  _reasonsToNotScheduleUpdates: Failed to check for Maintenance Service Registry Key: [Exception... "Component returned failure code: 0x80004001 (NS_ERROR_NOT_IMPLEMENTED) [nsIUpdateProcessor.getServiceRegKeyExists]"  nsresult: "0x80004001 (NS_ERROR_NOT_IMPLEMENTED)"  location: "JS frame :: resource://gre/modules/BackgroundUpdate.jsm :: _reasonsToNotScheduleUpdates :: line 241"  data: no]
DevTools listening on ws://localhost:51546/devtools/browser/6f5cb514-8e53-40b0-b5eb-773d988f5fc4
1649669215450	Marionette	INFO	Listening on port 51568
Read port: 51568
1649669215495	RemoteAgent	WARN	TLS certificate errors will be ignored for this session
1649669217924	Marionette	INFO	Stopped listening on port 51412

###!!! [Parent][PImageBridgeParent] Error: RunMessage(msgname=PImageBridge::Msg_WillClose) Channel closing: too late to send/recv, messages will be lost

1649669220458	Marionette	INFO	Stopped listening on port 51498

###!!! [Parent][PImageBridgeParent] Error: RunMessage(msgname=PImageBridge::Msg_WillClose) Channel closing: too late to send/recv, messages will be lost

1649669222931	Marionette	INFO	Stopped listening on port 51568
1649670576821	geckodriver	INFO	Listening on 127.0.0.1:51854
1649670577244	mozrunner::runner	INFO	Running command: "/Applications/Firefox.app/Contents/MacOS/firefox-bin" "--marionette" "--remote-debugging-port" "51855" "--remote-allow-hosts" "localhost" "-foreground" "-no-remote" "-profile" "/var/folders/n5/ssqb_t3d7gnd585d037zx8_r0000gn/T/rust_mozprofileB8WUaW"
1649670577483	Marionette	INFO	Marionette enabled
UNSUPPORTED (log once): POSSIBLE ISSUE: unit 1 GLD_TEXTURE_INDEX_2D is unloadable and bound to sampler type (Float) - using zero texture because texture unloadable
console.warn: SearchSettings: "get: No settings file exists, new profile?" (new NotFoundError("Could not open the file at /var/folders/n5/ssqb_t3d7gnd585d037zx8_r0000gn/T/rust_mozprofileB8WUaW/search.json.mozlz4", (void 0)))
console.error: BackgroundUpdate: 
  _reasonsToNotScheduleUpdates: Failed to check for Maintenance Service Registry Key: [Exception... "Component returned failure code: 0x80004001 (NS_ERROR_NOT_IMPLEMENTED) [nsIUpdateProcessor.getServiceRegKeyExists]"  nsresult: "0x80004001 (NS_ERROR_NOT_IMPLEMENTED)"  location: "JS frame :: resource://gre/modules/BackgroundUpdate.jsm :: _reasonsToNotScheduleUpdates :: line 241"  data: no]
DevTools listening on ws://localhost:51855/devtools/browser/f0088241-2492-4340-ad4d-d70f62cdae83
1649670578110	Marionette	INFO	Listening on port 51875
Read port: 51875
1649670578188	RemoteAgent	WARN	TLS certificate errors will be ignored for this session
1649670588402	Marionette	INFO	Stopped listening on port 51875

###!!! [Parent][PImageBridgeParent] Error: RunMessage(msgname=PImageBridge::Msg_WillClose) Channel closing: too late to send/recv, messages will be lost

1649670619570	geckodriver	INFO	Listening on 127.0.0.1:51922
1649670619998	mozrunner::runner	INFO	Running command: "/Applications/Firefox.app/Contents/MacOS/firefox-bin" "--marionette" "--remote-debugging-port" "51923" "--remote-allow-hosts" "localhost" "-foreground" "-no-remote" "-profile" "/var/folders/n5/ssqb_t3d7gnd585d037zx8_r0000gn/T/rust_mozprofileVTefxK"
1649670620239	Marionette	INFO	Marionette enabled
UNSUPPORTED (log once): POSSIBLE ISSUE: unit 1 GLD_TEXTURE_INDEX_2D is unloadable and bound to sampler type (Float) - using zero texture because texture unloadable
console.warn: SearchSettings: "get: No settings file exists, new profile?" (new NotFoundError("Could not open the file at /var/folders/n5/ssqb_t3d7gnd585d037zx8_r0000gn/T/rust_mozprofileVTefxK/search.json.mozlz4", (void 0)))
console.error: BackgroundUpdate: 
  _reasonsToNotScheduleUpdates: Failed to check for Maintenance Service Registry Key: [Exception... "Component returned failure code: 0x80004001 (NS_ERROR_NOT_IMPLEMENTED) [nsIUpdateProcessor.getServiceRegKeyExists]"  nsresult: "0x80004001 (NS_ERROR_NOT_IMPLEMENTED)"  location: "JS frame :: resource://gre/modules/BackgroundUpdate.jsm :: _reasonsToNotScheduleUpdates :: line 241"  data: no]
DevTools listening on ws://localhost:51923/devtools/browser/d54572d0-e2c4-4067-b273-e373105a7a7f
1649670620993	Marionette	INFO	Listening on port 51945
Read port: 51945
1649670621053	RemoteAgent	WARN	TLS certificate errors will be ignored for this session
1649670628649	Marionette	INFO	Stopped listening on port 51945
